<?xml version="1.0" encoding="UTF-8"?>
<robot generator="Robot 7.0 (Python 3.12.1 on win32)" generated="2024-05-10T11:21:08.105115" rpa="false" schemaversion="5">
<suite id="s1" name="Qa Academy" source="c:\Users\letic\OneDrive\Documentos\Teste Robot\Projetos\desbravadores.robot\tests\qa_academy.robot">
<test id="s1-t1" name="testar_senha" line="93">
<kw name="abrir_navegador" owner="keywords_login">
<kw name="Open Browser" owner="SeleniumLibrary">
<msg time="2024-05-10T11:21:08.575267" level="INFO">Opening browser 'Chrome' to base url 'https://automacao.qacoders-academy.com.br/login'.</msg>
<arg>${URL}</arg>
<arg>${chrome}</arg>
<doc>Opens a new browser instance to the optional ``url``.</doc>
<status status="PASS" start="2024-05-10T11:21:08.575267" elapsed="1.849434"/>
</kw>
<kw name="Set Window Size" owner="SeleniumLibrary">
<arg>1920</arg>
<arg>1080</arg>
<doc>Sets current windows size to given ``width`` and ``height``.</doc>
<status status="PASS" start="2024-05-10T11:21:10.424701" elapsed="0.163025"/>
</kw>
<status status="PASS" start="2024-05-10T11:21:08.575267" elapsed="2.012459"/>
</kw>
<kw name="gerar_password_aleatorio" owner="keywords_utils">
<kw name="Generate Random String" owner="String">
<msg time="2024-05-10T11:21:10.587726" level="INFO">${password_numero} = 541</msg>
<var>${password_numero}</var>
<arg>3</arg>
<arg>[NUMBERS]</arg>
<doc>Generates a string with a desired ``length`` from the given ``chars``.</doc>
<status status="PASS" start="2024-05-10T11:21:10.587726" elapsed="0.007048"/>
</kw>
<kw name="Generate Random String" owner="String">
<msg time="2024-05-10T11:21:10.594774" level="INFO">${password_letras} = hcrXA</msg>
<var>${password_letras}</var>
<arg>5</arg>
<arg>[LETTERS]</arg>
<doc>Generates a string with a desired ``length`` from the given ``chars``.</doc>
<status status="PASS" start="2024-05-10T11:21:10.594774" elapsed="0.000000"/>
</kw>
<kw name="Generate Random String" owner="String">
<msg time="2024-05-10T11:21:10.594774" level="INFO">${caracteres_especiais} = !</msg>
<var>${caracteres_especiais}</var>
<arg>1</arg>
<arg>!@#$%</arg>
<doc>Generates a string with a desired ``length`` from the given ``chars``.</doc>
<status status="PASS" start="2024-05-10T11:21:10.594774" elapsed="0.000000"/>
</kw>
<kw name="Catenate" owner="BuiltIn">
<msg time="2024-05-10T11:21:10.594774" level="INFO">${password} = 541!hcrXA</msg>
<var>${password}</var>
<arg>${password_numero}${caracteres_especiais}${password_letras}</arg>
<doc>Catenates the given items together and returns the resulted string.</doc>
<status status="PASS" start="2024-05-10T11:21:10.594774" elapsed="0.000000"/>
</kw>
<return>
<value>${password}</value>
<status status="PASS" start="2024-05-10T11:21:10.594774" elapsed="0.000000"/>
</return>
<msg time="2024-05-10T11:21:10.594774" level="INFO">${variavel_temporaria_password} = 541!hcrXA</msg>
<var>${variavel_temporaria_password}</var>
<status status="PASS" start="2024-05-10T11:21:10.587726" elapsed="0.012107"/>
</kw>
<kw name="login_valido_keyword" owner="keywords_login">
<kw name="preencher_texto" owner="keywords_login">
<kw name="Wait Until Element Is Visible" owner="SeleniumLibrary">
<arg>${element}</arg>
<arg>${TIME_GERAL}</arg>
<doc>Waits until the element ``locator`` is visible.</doc>
<status status="PASS" start="2024-05-10T11:21:10.599833" elapsed="0.047303"/>
</kw>
<kw name="Input Text" owner="SeleniumLibrary">
<msg time="2024-05-10T11:21:10.647136" level="INFO">Typing text '541!hcrXA' into text field 'id=email'.</msg>
<arg>${element}</arg>
<arg>${texto}</arg>
<doc>Types the given ``text`` into the text field identified by ``locator``.</doc>
<status status="PASS" start="2024-05-10T11:21:10.647136" elapsed="0.291834"/>
</kw>
<arg>${CAMPO_LOGIN_EMAIL}</arg>
<arg>${email}</arg>
<status status="PASS" start="2024-05-10T11:21:10.599833" elapsed="0.339137"/>
</kw>
<kw name="preencher_texto" owner="keywords_login">
<kw name="Wait Until Element Is Visible" owner="SeleniumLibrary">
<arg>${element}</arg>
<arg>${TIME_GERAL}</arg>
<doc>Waits until the element ``locator`` is visible.</doc>
<status status="PASS" start="2024-05-10T11:21:10.938970" elapsed="0.049557"/>
</kw>
<kw name="Input Text" owner="SeleniumLibrary">
<msg time="2024-05-10T11:21:10.988527" level="INFO">Typing text 'sysadmin@qacoders.com' into text field 'id=password'.</msg>
<arg>${element}</arg>
<arg>${texto}</arg>
<doc>Types the given ``text`` into the text field identified by ``locator``.</doc>
<status status="PASS" start="2024-05-10T11:21:10.988527" elapsed="0.268665"/>
</kw>
<arg>${CAMPO_LOGIN_SENHA}</arg>
<arg>${senha}</arg>
<status status="PASS" start="2024-05-10T11:21:10.938970" elapsed="0.318222"/>
</kw>
<kw name="clicar_elemento" owner="keywords_login">
<kw name="Wait Until Element Is Visible" owner="SeleniumLibrary">
<arg>${element}</arg>
<arg>${TIME_GERAL}</arg>
<doc>Waits until the element ``locator`` is visible.</doc>
<status status="PASS" start="2024-05-10T11:21:11.257192" elapsed="0.037901"/>
</kw>
<kw name="Click Element" owner="SeleniumLibrary">
<msg time="2024-05-10T11:21:11.295093" level="INFO">Clicking element 'id=login'.</msg>
<arg>${element}</arg>
<doc>Click the element identified by ``locator``.</doc>
<status status="PASS" start="2024-05-10T11:21:11.295093" elapsed="0.105336"/>
</kw>
<arg>${BOTAO_ENTRAR}</arg>
<status status="PASS" start="2024-05-10T11:21:11.257192" elapsed="0.143237"/>
</kw>
<arg>${variavel_temporaria_password}</arg>
<arg>${EMAIL}</arg>
<status status="PASS" start="2024-05-10T11:21:10.599833" elapsed="0.800596"/>
</kw>
<kw name="Sleep" owner="BuiltIn">
<msg time="2024-05-10T11:21:21.405430" level="INFO">Slept 10 seconds.</msg>
<arg>10</arg>
<doc>Pauses the test executed for the given time.</doc>
<status status="PASS" start="2024-05-10T11:21:11.404774" elapsed="10.000656"/>
</kw>
<kw name="fechar_navegador" owner="keywords_login">
<kw name="Close Browser" owner="SeleniumLibrary">
<doc>Closes the current browser.</doc>
<status status="PASS" start="2024-05-10T11:21:21.405430" elapsed="2.064584"/>
</kw>
<status status="PASS" start="2024-05-10T11:21:21.405430" elapsed="2.064584"/>
</kw>
<status status="PASS" start="2024-05-10T11:21:08.575267" elapsed="14.896764"/>
</test>
<doc>testes de login e cadastro de usuário</doc>
<status status="PASS" start="2024-05-10T11:21:08.118286" elapsed="15.356781"/>
</suite>
<statistics>
<total>
<stat pass="1" fail="0" skip="0">All Tests</stat>
</total>
<tag>
</tag>
<suite>
<stat pass="1" fail="0" skip="0" id="s1" name="Qa Academy">Qa Academy</stat>
</suite>
</statistics>
<errors>
</errors>
</robot>
